<?xml version="1.0" encoding="UTF-8"?>
<testsuite xmlns:xsi="http://www.w3.org/2001/XMLSchema-instance" xsi:noNamespaceSchemaLocation="https://maven.apache.org/surefire/maven-surefire-plugin/xsd/surefire-test-report.xsd" name="spring.coverage.example.controller.ExampleControllerImplTest" time="2.468" tests="1" errors="0" skipped="0" failures="0">
  <properties>
    <property name="sun.desktop" value="windows"/>
    <property name="awt.toolkit" value="sun.awt.windows.WToolkit"/>
    <property name="java.specification.version" value="11"/>
    <property name="sun.cpu.isalist" value="amd64"/>
    <property name="sun.jnu.encoding" value="Cp1252"/>
    <property name="java.class.path" value="C:\Users\Guido.Debandi\Documents\workspace-TalentEnginePractica\Ejercicio 9.1\target\test-classes;C:\Users\Guido.Debandi\Documents\workspace-TalentEnginePractica\Ejercicio 9.1\target\classes;C:\Users\Guido.Debandi\.m2\repository\org\springframework\boot\spring-boot-starter-data-jpa\2.1.15.RELEASE\spring-boot-starter-data-jpa-2.1.15.RELEASE.jar;C:\Users\Guido.Debandi\.m2\repository\org\springframework\boot\spring-boot-starter-aop\2.1.15.RELEASE\spring-boot-starter-aop-2.1.15.RELEASE.jar;C:\Users\Guido.Debandi\.m2\repository\org\springframework\spring-aop\5.1.16.RELEASE\spring-aop-5.1.16.RELEASE.jar;C:\Users\Guido.Debandi\.m2\repository\org\aspectj\aspectjweaver\1.9.5\aspectjweaver-1.9.5.jar;C:\Users\Guido.Debandi\.m2\repository\org\springframework\boot\spring-boot-starter-jdbc\2.1.15.RELEASE\spring-boot-starter-jdbc-2.1.15.RELEASE.jar;C:\Users\Guido.Debandi\.m2\repository\com\zaxxer\HikariCP\3.2.0\HikariCP-3.2.0.jar;C:\Users\Guido.Debandi\.m2\repository\org\springframework\spring-jdbc\5.1.16.RELEASE\spring-jdbc-5.1.16.RELEASE.jar;C:\Users\Guido.Debandi\.m2\repository\javax\transaction\javax.transaction-api\1.3\javax.transaction-api-1.3.jar;C:\Users\Guido.Debandi\.m2\repository\javax\xml\bind\jaxb-api\2.3.1\jaxb-api-2.3.1.jar;C:\Users\Guido.Debandi\.m2\repository\javax\activation\javax.activation-api\1.2.0\javax.activation-api-1.2.0.jar;C:\Users\Guido.Debandi\.m2\repository\org\hibernate\hibernate-core\5.3.17.Final\hibernate-core-5.3.17.Final.jar;C:\Users\Guido.Debandi\.m2\repository\org\jboss\logging\jboss-logging\3.3.3.Final\jboss-logging-3.3.3.Final.jar;C:\Users\Guido.Debandi\.m2\repository\javax\persistence\javax.persistence-api\2.2\javax.persistence-api-2.2.jar;C:\Users\Guido.Debandi\.m2\repository\org\javassist\javassist\3.23.2-GA\javassist-3.23.2-GA.jar;C:\Users\Guido.Debandi\.m2\repository\net\bytebuddy\byte-buddy\1.9.16\byte-buddy-1.9.16.jar;C:\Users\Guido.Debandi\.m2\repository\antlr\antlr\2.7.7\antlr-2.7.7.jar;C:\Users\Guido.Debandi\.m2\repository\org\jboss\jandex\2.0.5.Final\jandex-2.0.5.Final.jar;C:\Users\Guido.Debandi\.m2\repository\com\fasterxml\classmate\1.4.0\classmate-1.4.0.jar;C:\Users\Guido.Debandi\.m2\repository\org\dom4j\dom4j\2.1.3\dom4j-2.1.3.jar;C:\Users\Guido.Debandi\.m2\repository\org\hibernate\common\hibernate-commons-annotations\5.0.4.Final\hibernate-commons-annotations-5.0.4.Final.jar;C:\Users\Guido.Debandi\.m2\repository\org\glassfish\jaxb\jaxb-runtime\2.3.1\jaxb-runtime-2.3.1.jar;C:\Users\Guido.Debandi\.m2\repository\org\glassfish\jaxb\txw2\2.3.1\txw2-2.3.1.jar;C:\Users\Guido.Debandi\.m2\repository\com\sun\istack\istack-commons-runtime\3.0.7\istack-commons-runtime-3.0.7.jar;C:\Users\Guido.Debandi\.m2\repository\org\jvnet\staxex\stax-ex\1.8\stax-ex-1.8.jar;C:\Users\Guido.Debandi\.m2\repository\com\sun\xml\fastinfoset\FastInfoset\1.2.15\FastInfoset-1.2.15.jar;C:\Users\Guido.Debandi\.m2\repository\org\springframework\data\spring-data-jpa\2.1.18.RELEASE\spring-data-jpa-2.1.18.RELEASE.jar;C:\Users\Guido.Debandi\.m2\repository\org\springframework\data\spring-data-commons\2.1.18.RELEASE\spring-data-commons-2.1.18.RELEASE.jar;C:\Users\Guido.Debandi\.m2\repository\org\springframework\spring-orm\5.1.16.RELEASE\spring-orm-5.1.16.RELEASE.jar;C:\Users\Guido.Debandi\.m2\repository\org\springframework\spring-context\5.1.16.RELEASE\spring-context-5.1.16.RELEASE.jar;C:\Users\Guido.Debandi\.m2\repository\org\springframework\spring-tx\5.1.16.RELEASE\spring-tx-5.1.16.RELEASE.jar;C:\Users\Guido.Debandi\.m2\repository\org\springframework\spring-beans\5.1.16.RELEASE\spring-beans-5.1.16.RELEASE.jar;C:\Users\Guido.Debandi\.m2\repository\org\slf4j\slf4j-api\1.7.30\slf4j-api-1.7.30.jar;C:\Users\Guido.Debandi\.m2\repository\org\springframework\spring-aspects\5.1.16.RELEASE\spring-aspects-5.1.16.RELEASE.jar;C:\Users\Guido.Debandi\.m2\repository\org\springframework\boot\spring-boot-starter-web\2.1.15.RELEASE\spring-boot-starter-web-2.1.15.RELEASE.jar;C:\Users\Guido.Debandi\.m2\repository\org\springframework\boot\spring-boot-starter\2.1.15.RELEASE\spring-boot-starter-2.1.15.RELEASE.jar;C:\Users\Guido.Debandi\.m2\repository\org\springframework\boot\spring-boot\2.1.15.RELEASE\spring-boot-2.1.15.RELEASE.jar;C:\Users\Guido.Debandi\.m2\repository\org\springframework\boot\spring-boot-autoconfigure\2.1.15.RELEASE\spring-boot-autoconfigure-2.1.15.RELEASE.jar;C:\Users\Guido.Debandi\.m2\repository\org\springframework\boot\spring-boot-starter-logging\2.1.15.RELEASE\spring-boot-starter-logging-2.1.15.RELEASE.jar;C:\Users\Guido.Debandi\.m2\repository\ch\qos\logback\logback-classic\1.2.3\logback-classic-1.2.3.jar;C:\Users\Guido.Debandi\.m2\repository\ch\qos\logback\logback-core\1.2.3\logback-core-1.2.3.jar;C:\Users\Guido.Debandi\.m2\repository\org\apache\logging\log4j\log4j-to-slf4j\2.11.2\log4j-to-slf4j-2.11.2.jar;C:\Users\Guido.Debandi\.m2\repository\org\apache\logging\log4j\log4j-api\2.11.2\log4j-api-2.11.2.jar;C:\Users\Guido.Debandi\.m2\repository\org\slf4j\jul-to-slf4j\1.7.30\jul-to-slf4j-1.7.30.jar;C:\Users\Guido.Debandi\.m2\repository\javax\annotation\javax.annotation-api\1.3.2\javax.annotation-api-1.3.2.jar;C:\Users\Guido.Debandi\.m2\repository\org\yaml\snakeyaml\1.23\snakeyaml-1.23.jar;C:\Users\Guido.Debandi\.m2\repository\org\springframework\boot\spring-boot-starter-json\2.1.15.RELEASE\spring-boot-starter-json-2.1.15.RELEASE.jar;C:\Users\Guido.Debandi\.m2\repository\com\fasterxml\jackson\core\jackson-databind\2.9.10.4\jackson-databind-2.9.10.4.jar;C:\Users\Guido.Debandi\.m2\repository\com\fasterxml\jackson\core\jackson-annotations\2.9.10\jackson-annotations-2.9.10.jar;C:\Users\Guido.Debandi\.m2\repository\com\fasterxml\jackson\core\jackson-core\2.9.10\jackson-core-2.9.10.jar;C:\Users\Guido.Debandi\.m2\repository\com\fasterxml\jackson\datatype\jackson-datatype-jdk8\2.9.10\jackson-datatype-jdk8-2.9.10.jar;C:\Users\Guido.Debandi\.m2\repository\com\fasterxml\jackson\datatype\jackson-datatype-jsr310\2.9.10\jackson-datatype-jsr310-2.9.10.jar;C:\Users\Guido.Debandi\.m2\repository\com\fasterxml\jackson\module\jackson-module-parameter-names\2.9.10\jackson-module-parameter-names-2.9.10.jar;C:\Users\Guido.Debandi\.m2\repository\org\springframework\boot\spring-boot-starter-tomcat\2.1.15.RELEASE\spring-boot-starter-tomcat-2.1.15.RELEASE.jar;C:\Users\Guido.Debandi\.m2\repository\org\apache\tomcat\embed\tomcat-embed-core\9.0.36\tomcat-embed-core-9.0.36.jar;C:\Users\Guido.Debandi\.m2\repository\org\apache\tomcat\embed\tomcat-embed-el\9.0.36\tomcat-embed-el-9.0.36.jar;C:\Users\Guido.Debandi\.m2\repository\org\apache\tomcat\embed\tomcat-embed-websocket\9.0.36\tomcat-embed-websocket-9.0.36.jar;C:\Users\Guido.Debandi\.m2\repository\org\hibernate\validator\hibernate-validator\6.0.20.Final\hibernate-validator-6.0.20.Final.jar;C:\Users\Guido.Debandi\.m2\repository\javax\validation\validation-api\2.0.1.Final\validation-api-2.0.1.Final.jar;C:\Users\Guido.Debandi\.m2\repository\org\springframework\spring-web\5.1.16.RELEASE\spring-web-5.1.16.RELEASE.jar;C:\Users\Guido.Debandi\.m2\repository\org\springframework\spring-webmvc\5.1.16.RELEASE\spring-webmvc-5.1.16.RELEASE.jar;C:\Users\Guido.Debandi\.m2\repository\org\springframework\spring-expression\5.1.16.RELEASE\spring-expression-5.1.16.RELEASE.jar;C:\Users\Guido.Debandi\.m2\repository\com\h2database\h2\1.4.200\h2-1.4.200.jar;C:\Users\Guido.Debandi\.m2\repository\org\springframework\boot\spring-boot-starter-test\2.1.15.RELEASE\spring-boot-starter-test-2.1.15.RELEASE.jar;C:\Users\Guido.Debandi\.m2\repository\org\springframework\boot\spring-boot-test\2.1.15.RELEASE\spring-boot-test-2.1.15.RELEASE.jar;C:\Users\Guido.Debandi\.m2\repository\org\springframework\boot\spring-boot-test-autoconfigure\2.1.15.RELEASE\spring-boot-test-autoconfigure-2.1.15.RELEASE.jar;C:\Users\Guido.Debandi\.m2\repository\com\jayway\jsonpath\json-path\2.4.0\json-path-2.4.0.jar;C:\Users\Guido.Debandi\.m2\repository\net\minidev\json-smart\2.3\json-smart-2.3.jar;C:\Users\Guido.Debandi\.m2\repository\net\minidev\accessors-smart\1.2\accessors-smart-1.2.jar;C:\Users\Guido.Debandi\.m2\repository\junit\junit\4.12\junit-4.12.jar;C:\Users\Guido.Debandi\.m2\repository\org\assertj\assertj-core\3.11.1\assertj-core-3.11.1.jar;C:\Users\Guido.Debandi\.m2\repository\org\mockito\mockito-core\2.23.4\mockito-core-2.23.4.jar;C:\Users\Guido.Debandi\.m2\repository\net\bytebuddy\byte-buddy-agent\1.9.16\byte-buddy-agent-1.9.16.jar;C:\Users\Guido.Debandi\.m2\repository\org\objenesis\objenesis\2.6\objenesis-2.6.jar;C:\Users\Guido.Debandi\.m2\repository\org\hamcrest\hamcrest-core\1.3\hamcrest-core-1.3.jar;C:\Users\Guido.Debandi\.m2\repository\org\hamcrest\hamcrest-library\1.3\hamcrest-library-1.3.jar;C:\Users\Guido.Debandi\.m2\repository\org\skyscreamer\jsonassert\1.5.0\jsonassert-1.5.0.jar;C:\Users\Guido.Debandi\.m2\repository\com\vaadin\external\google\android-json\0.0.20131108.vaadin1\android-json-0.0.20131108.vaadin1.jar;C:\Users\Guido.Debandi\.m2\repository\org\springframework\spring-core\5.1.16.RELEASE\spring-core-5.1.16.RELEASE.jar;C:\Users\Guido.Debandi\.m2\repository\org\springframework\spring-jcl\5.1.16.RELEASE\spring-jcl-5.1.16.RELEASE.jar;C:\Users\Guido.Debandi\.m2\repository\org\springframework\spring-test\5.1.16.RELEASE\spring-test-5.1.16.RELEASE.jar;C:\Users\Guido.Debandi\.m2\repository\org\xmlunit\xmlunit-core\2.6.4\xmlunit-core-2.6.4.jar;C:\Users\Guido.Debandi\.m2\repository\org\projectlombok\lombok\1.18.6\lombok-1.18.6.jar;C:\Users\Guido.Debandi\.m2\repository\org\junit\jupiter\junit-jupiter-engine\5.3.2\junit-jupiter-engine-5.3.2.jar;C:\Users\Guido.Debandi\.m2\repository\org\apiguardian\apiguardian-api\1.0.0\apiguardian-api-1.0.0.jar;C:\Users\Guido.Debandi\.m2\repository\org\junit\platform\junit-platform-engine\1.3.2\junit-platform-engine-1.3.2.jar;C:\Users\Guido.Debandi\.m2\repository\org\junit\jupiter\junit-jupiter-api\5.3.2\junit-jupiter-api-5.3.2.jar;C:\Users\Guido.Debandi\.m2\repository\org\opentest4j\opentest4j\1.1.1\opentest4j-1.1.1.jar;C:\Users\Guido.Debandi\.m2\repository\org\junit\platform\junit-platform-commons\1.3.2\junit-platform-commons-1.3.2.jar;C:\Users\Guido.Debandi\.m2\repository\org\mockito\mockito-junit-jupiter\2.23.4\mockito-junit-jupiter-2.23.4.jar;C:\Users\Guido.Debandi\.m2\repository\org\jacoco\jacoco-maven-plugin\0.8.7\jacoco-maven-plugin-0.8.7.jar;C:\Users\Guido.Debandi\.m2\repository\org\apache\maven\maven-plugin-api\3.0\maven-plugin-api-3.0.jar;C:\Users\Guido.Debandi\.m2\repository\org\apache\maven\maven-model\3.0\maven-model-3.0.jar;C:\Users\Guido.Debandi\.m2\repository\org\apache\maven\maven-artifact\3.0\maven-artifact-3.0.jar;C:\Users\Guido.Debandi\.m2\repository\org\sonatype\sisu\sisu-inject-plexus\1.4.2\sisu-inject-plexus-1.4.2.jar;C:\Users\Guido.Debandi\.m2\repository\org\sonatype\sisu\sisu-inject-bean\1.4.2\sisu-inject-bean-1.4.2.jar;C:\Users\Guido.Debandi\.m2\repository\org\sonatype\sisu\sisu-guice\2.1.7\sisu-guice-2.1.7-noaop.jar;C:\Users\Guido.Debandi\.m2\repository\org\apache\maven\maven-core\3.0\maven-core-3.0.jar;C:\Users\Guido.Debandi\.m2\repository\org\apache\maven\maven-settings\3.0\maven-settings-3.0.jar;C:\Users\Guido.Debandi\.m2\repository\org\apache\maven\maven-settings-builder\3.0\maven-settings-builder-3.0.jar;C:\Users\Guido.Debandi\.m2\repository\org\apache\maven\maven-repository-metadata\3.0\maven-repository-metadata-3.0.jar;C:\Users\Guido.Debandi\.m2\repository\org\apache\maven\maven-model-builder\3.0\maven-model-builder-3.0.jar;C:\Users\Guido.Debandi\.m2\repository\org\apache\maven\maven-aether-provider\3.0\maven-aether-provider-3.0.jar;C:\Users\Guido.Debandi\.m2\repository\org\sonatype\aether\aether-impl\1.7\aether-impl-1.7.jar;C:\Users\Guido.Debandi\.m2\repository\org\sonatype\aether\aether-spi\1.7\aether-spi-1.7.jar;C:\Users\Guido.Debandi\.m2\repository\org\sonatype\aether\aether-api\1.7\aether-api-1.7.jar;C:\Users\Guido.Debandi\.m2\repository\org\sonatype\aether\aether-util\1.7\aether-util-1.7.jar;C:\Users\Guido.Debandi\.m2\repository\org\codehaus\plexus\plexus-interpolation\1.14\plexus-interpolation-1.14.jar;C:\Users\Guido.Debandi\.m2\repository\org\codehaus\plexus\plexus-classworlds\2.2.3\plexus-classworlds-2.2.3.jar;C:\Users\Guido.Debandi\.m2\repository\org\codehaus\plexus\plexus-component-annotations\1.5.5\plexus-component-annotations-1.5.5.jar;C:\Users\Guido.Debandi\.m2\repository\org\sonatype\plexus\plexus-sec-dispatcher\1.3\plexus-sec-dispatcher-1.3.jar;C:\Users\Guido.Debandi\.m2\repository\org\sonatype\plexus\plexus-cipher\1.4\plexus-cipher-1.4.jar;C:\Users\Guido.Debandi\.m2\repository\org\codehaus\plexus\plexus-utils\3.0.22\plexus-utils-3.0.22.jar;C:\Users\Guido.Debandi\.m2\repository\org\apache\maven\shared\file-management\1.2.1\file-management-1.2.1.jar;C:\Users\Guido.Debandi\.m2\repository\org\apache\maven\shared\maven-shared-io\1.1\maven-shared-io-1.1.jar;C:\Users\Guido.Debandi\.m2\repository\org\apache\maven\maven-artifact-manager\2.0.2\maven-artifact-manager-2.0.2.jar;C:\Users\Guido.Debandi\.m2\repository\org\apache\maven\wagon\wagon-provider-api\1.0-alpha-6\wagon-provider-api-1.0-alpha-6.jar;C:\Users\Guido.Debandi\.m2\repository\org\codehaus\plexus\plexus-container-default\1.0-alpha-9\plexus-container-default-1.0-alpha-9.jar;C:\Users\Guido.Debandi\.m2\repository\classworlds\classworlds\1.1-alpha-2\classworlds-1.1-alpha-2.jar;C:\Users\Guido.Debandi\.m2\repository\org\apache\maven\reporting\maven-reporting-api\3.0\maven-reporting-api-3.0.jar;C:\Users\Guido.Debandi\.m2\repository\org\apache\maven\doxia\doxia-sink-api\1.0\doxia-sink-api-1.0.jar;C:\Users\Guido.Debandi\.m2\repository\org\jacoco\org.jacoco.agent\0.8.7\org.jacoco.agent-0.8.7-runtime.jar;C:\Users\Guido.Debandi\.m2\repository\org\jacoco\org.jacoco.core\0.8.7\org.jacoco.core-0.8.7.jar;C:\Users\Guido.Debandi\.m2\repository\org\ow2\asm\asm\9.1\asm-9.1.jar;C:\Users\Guido.Debandi\.m2\repository\org\ow2\asm\asm-commons\9.1\asm-commons-9.1.jar;C:\Users\Guido.Debandi\.m2\repository\org\ow2\asm\asm-analysis\9.1\asm-analysis-9.1.jar;C:\Users\Guido.Debandi\.m2\repository\org\ow2\asm\asm-tree\9.1\asm-tree-9.1.jar;C:\Users\Guido.Debandi\.m2\repository\org\jacoco\org.jacoco.report\0.8.7\org.jacoco.report-0.8.7.jar;"/>
    <property name="java.vm.vendor" value="Azul Systems, Inc."/>
    <property name="sun.arch.data.model" value="64"/>
    <property name="user.variant" value=""/>
    <property name="java.vendor.url" value="http://www.azul.com/"/>
    <property name="user.timezone" value="America/Buenos_Aires"/>
    <property name="user.country.format" value="AR"/>
    <property name="java.vm.specification.version" value="11"/>
    <property name="os.name" value="Windows 10"/>
    <property name="sun.java.launcher" value="SUN_STANDARD"/>
    <property name="user.country" value="US"/>
    <property name="sun.boot.library.path" value="C:\Talent Engine\app\Java\bin"/>
    <property name="sun.java.command" value="C:\Users\GUIDO~1.DEB\AppData\Local\Temp\surefire15301258101589077542\surefirebooter10976418918383764896.jar C:\Users\Guido.Debandi\AppData\Local\Temp\surefire15301258101589077542 2022-03-22T17-02-00_811-jvmRun1 surefire8480441589278461881tmp surefire_015475171906752556124tmp"/>
    <property name="jdk.debug" value="release"/>
    <property name="surefire.test.class.path" value="C:\Users\Guido.Debandi\Documents\workspace-TalentEnginePractica\Ejercicio 9.1\target\test-classes;C:\Users\Guido.Debandi\Documents\workspace-TalentEnginePractica\Ejercicio 9.1\target\classes;C:\Users\Guido.Debandi\.m2\repository\org\springframework\boot\spring-boot-starter-data-jpa\2.1.15.RELEASE\spring-boot-starter-data-jpa-2.1.15.RELEASE.jar;C:\Users\Guido.Debandi\.m2\repository\org\springframework\boot\spring-boot-starter-aop\2.1.15.RELEASE\spring-boot-starter-aop-2.1.15.RELEASE.jar;C:\Users\Guido.Debandi\.m2\repository\org\springframework\spring-aop\5.1.16.RELEASE\spring-aop-5.1.16.RELEASE.jar;C:\Users\Guido.Debandi\.m2\repository\org\aspectj\aspectjweaver\1.9.5\aspectjweaver-1.9.5.jar;C:\Users\Guido.Debandi\.m2\repository\org\springframework\boot\spring-boot-starter-jdbc\2.1.15.RELEASE\spring-boot-starter-jdbc-2.1.15.RELEASE.jar;C:\Users\Guido.Debandi\.m2\repository\com\zaxxer\HikariCP\3.2.0\HikariCP-3.2.0.jar;C:\Users\Guido.Debandi\.m2\repository\org\springframework\spring-jdbc\5.1.16.RELEASE\spring-jdbc-5.1.16.RELEASE.jar;C:\Users\Guido.Debandi\.m2\repository\javax\transaction\javax.transaction-api\1.3\javax.transaction-api-1.3.jar;C:\Users\Guido.Debandi\.m2\repository\javax\xml\bind\jaxb-api\2.3.1\jaxb-api-2.3.1.jar;C:\Users\Guido.Debandi\.m2\repository\javax\activation\javax.activation-api\1.2.0\javax.activation-api-1.2.0.jar;C:\Users\Guido.Debandi\.m2\repository\org\hibernate\hibernate-core\5.3.17.Final\hibernate-core-5.3.17.Final.jar;C:\Users\Guido.Debandi\.m2\repository\org\jboss\logging\jboss-logging\3.3.3.Final\jboss-logging-3.3.3.Final.jar;C:\Users\Guido.Debandi\.m2\repository\javax\persistence\javax.persistence-api\2.2\javax.persistence-api-2.2.jar;C:\Users\Guido.Debandi\.m2\repository\org\javassist\javassist\3.23.2-GA\javassist-3.23.2-GA.jar;C:\Users\Guido.Debandi\.m2\repository\net\bytebuddy\byte-buddy\1.9.16\byte-buddy-1.9.16.jar;C:\Users\Guido.Debandi\.m2\repository\antlr\antlr\2.7.7\antlr-2.7.7.jar;C:\Users\Guido.Debandi\.m2\repository\org\jboss\jandex\2.0.5.Final\jandex-2.0.5.Final.jar;C:\Users\Guido.Debandi\.m2\repository\com\fasterxml\classmate\1.4.0\classmate-1.4.0.jar;C:\Users\Guido.Debandi\.m2\repository\org\dom4j\dom4j\2.1.3\dom4j-2.1.3.jar;C:\Users\Guido.Debandi\.m2\repository\org\hibernate\common\hibernate-commons-annotations\5.0.4.Final\hibernate-commons-annotations-5.0.4.Final.jar;C:\Users\Guido.Debandi\.m2\repository\org\glassfish\jaxb\jaxb-runtime\2.3.1\jaxb-runtime-2.3.1.jar;C:\Users\Guido.Debandi\.m2\repository\org\glassfish\jaxb\txw2\2.3.1\txw2-2.3.1.jar;C:\Users\Guido.Debandi\.m2\repository\com\sun\istack\istack-commons-runtime\3.0.7\istack-commons-runtime-3.0.7.jar;C:\Users\Guido.Debandi\.m2\repository\org\jvnet\staxex\stax-ex\1.8\stax-ex-1.8.jar;C:\Users\Guido.Debandi\.m2\repository\com\sun\xml\fastinfoset\FastInfoset\1.2.15\FastInfoset-1.2.15.jar;C:\Users\Guido.Debandi\.m2\repository\org\springframework\data\spring-data-jpa\2.1.18.RELEASE\spring-data-jpa-2.1.18.RELEASE.jar;C:\Users\Guido.Debandi\.m2\repository\org\springframework\data\spring-data-commons\2.1.18.RELEASE\spring-data-commons-2.1.18.RELEASE.jar;C:\Users\Guido.Debandi\.m2\repository\org\springframework\spring-orm\5.1.16.RELEASE\spring-orm-5.1.16.RELEASE.jar;C:\Users\Guido.Debandi\.m2\repository\org\springframework\spring-context\5.1.16.RELEASE\spring-context-5.1.16.RELEASE.jar;C:\Users\Guido.Debandi\.m2\repository\org\springframework\spring-tx\5.1.16.RELEASE\spring-tx-5.1.16.RELEASE.jar;C:\Users\Guido.Debandi\.m2\repository\org\springframework\spring-beans\5.1.16.RELEASE\spring-beans-5.1.16.RELEASE.jar;C:\Users\Guido.Debandi\.m2\repository\org\slf4j\slf4j-api\1.7.30\slf4j-api-1.7.30.jar;C:\Users\Guido.Debandi\.m2\repository\org\springframework\spring-aspects\5.1.16.RELEASE\spring-aspects-5.1.16.RELEASE.jar;C:\Users\Guido.Debandi\.m2\repository\org\springframework\boot\spring-boot-starter-web\2.1.15.RELEASE\spring-boot-starter-web-2.1.15.RELEASE.jar;C:\Users\Guido.Debandi\.m2\repository\org\springframework\boot\spring-boot-starter\2.1.15.RELEASE\spring-boot-starter-2.1.15.RELEASE.jar;C:\Users\Guido.Debandi\.m2\repository\org\springframework\boot\spring-boot\2.1.15.RELEASE\spring-boot-2.1.15.RELEASE.jar;C:\Users\Guido.Debandi\.m2\repository\org\springframework\boot\spring-boot-autoconfigure\2.1.15.RELEASE\spring-boot-autoconfigure-2.1.15.RELEASE.jar;C:\Users\Guido.Debandi\.m2\repository\org\springframework\boot\spring-boot-starter-logging\2.1.15.RELEASE\spring-boot-starter-logging-2.1.15.RELEASE.jar;C:\Users\Guido.Debandi\.m2\repository\ch\qos\logback\logback-classic\1.2.3\logback-classic-1.2.3.jar;C:\Users\Guido.Debandi\.m2\repository\ch\qos\logback\logback-core\1.2.3\logback-core-1.2.3.jar;C:\Users\Guido.Debandi\.m2\repository\org\apache\logging\log4j\log4j-to-slf4j\2.11.2\log4j-to-slf4j-2.11.2.jar;C:\Users\Guido.Debandi\.m2\repository\org\apache\logging\log4j\log4j-api\2.11.2\log4j-api-2.11.2.jar;C:\Users\Guido.Debandi\.m2\repository\org\slf4j\jul-to-slf4j\1.7.30\jul-to-slf4j-1.7.30.jar;C:\Users\Guido.Debandi\.m2\repository\javax\annotation\javax.annotation-api\1.3.2\javax.annotation-api-1.3.2.jar;C:\Users\Guido.Debandi\.m2\repository\org\yaml\snakeyaml\1.23\snakeyaml-1.23.jar;C:\Users\Guido.Debandi\.m2\repository\org\springframework\boot\spring-boot-starter-json\2.1.15.RELEASE\spring-boot-starter-json-2.1.15.RELEASE.jar;C:\Users\Guido.Debandi\.m2\repository\com\fasterxml\jackson\core\jackson-databind\2.9.10.4\jackson-databind-2.9.10.4.jar;C:\Users\Guido.Debandi\.m2\repository\com\fasterxml\jackson\core\jackson-annotations\2.9.10\jackson-annotations-2.9.10.jar;C:\Users\Guido.Debandi\.m2\repository\com\fasterxml\jackson\core\jackson-core\2.9.10\jackson-core-2.9.10.jar;C:\Users\Guido.Debandi\.m2\repository\com\fasterxml\jackson\datatype\jackson-datatype-jdk8\2.9.10\jackson-datatype-jdk8-2.9.10.jar;C:\Users\Guido.Debandi\.m2\repository\com\fasterxml\jackson\datatype\jackson-datatype-jsr310\2.9.10\jackson-datatype-jsr310-2.9.10.jar;C:\Users\Guido.Debandi\.m2\repository\com\fasterxml\jackson\module\jackson-module-parameter-names\2.9.10\jackson-module-parameter-names-2.9.10.jar;C:\Users\Guido.Debandi\.m2\repository\org\springframework\boot\spring-boot-starter-tomcat\2.1.15.RELEASE\spring-boot-starter-tomcat-2.1.15.RELEASE.jar;C:\Users\Guido.Debandi\.m2\repository\org\apache\tomcat\embed\tomcat-embed-core\9.0.36\tomcat-embed-core-9.0.36.jar;C:\Users\Guido.Debandi\.m2\repository\org\apache\tomcat\embed\tomcat-embed-el\9.0.36\tomcat-embed-el-9.0.36.jar;C:\Users\Guido.Debandi\.m2\repository\org\apache\tomcat\embed\tomcat-embed-websocket\9.0.36\tomcat-embed-websocket-9.0.36.jar;C:\Users\Guido.Debandi\.m2\repository\org\hibernate\validator\hibernate-validator\6.0.20.Final\hibernate-validator-6.0.20.Final.jar;C:\Users\Guido.Debandi\.m2\repository\javax\validation\validation-api\2.0.1.Final\validation-api-2.0.1.Final.jar;C:\Users\Guido.Debandi\.m2\repository\org\springframework\spring-web\5.1.16.RELEASE\spring-web-5.1.16.RELEASE.jar;C:\Users\Guido.Debandi\.m2\repository\org\springframework\spring-webmvc\5.1.16.RELEASE\spring-webmvc-5.1.16.RELEASE.jar;C:\Users\Guido.Debandi\.m2\repository\org\springframework\spring-expression\5.1.16.RELEASE\spring-expression-5.1.16.RELEASE.jar;C:\Users\Guido.Debandi\.m2\repository\com\h2database\h2\1.4.200\h2-1.4.200.jar;C:\Users\Guido.Debandi\.m2\repository\org\springframework\boot\spring-boot-starter-test\2.1.15.RELEASE\spring-boot-starter-test-2.1.15.RELEASE.jar;C:\Users\Guido.Debandi\.m2\repository\org\springframework\boot\spring-boot-test\2.1.15.RELEASE\spring-boot-test-2.1.15.RELEASE.jar;C:\Users\Guido.Debandi\.m2\repository\org\springframework\boot\spring-boot-test-autoconfigure\2.1.15.RELEASE\spring-boot-test-autoconfigure-2.1.15.RELEASE.jar;C:\Users\Guido.Debandi\.m2\repository\com\jayway\jsonpath\json-path\2.4.0\json-path-2.4.0.jar;C:\Users\Guido.Debandi\.m2\repository\net\minidev\json-smart\2.3\json-smart-2.3.jar;C:\Users\Guido.Debandi\.m2\repository\net\minidev\accessors-smart\1.2\accessors-smart-1.2.jar;C:\Users\Guido.Debandi\.m2\repository\junit\junit\4.12\junit-4.12.jar;C:\Users\Guido.Debandi\.m2\repository\org\assertj\assertj-core\3.11.1\assertj-core-3.11.1.jar;C:\Users\Guido.Debandi\.m2\repository\org\mockito\mockito-core\2.23.4\mockito-core-2.23.4.jar;C:\Users\Guido.Debandi\.m2\repository\net\bytebuddy\byte-buddy-agent\1.9.16\byte-buddy-agent-1.9.16.jar;C:\Users\Guido.Debandi\.m2\repository\org\objenesis\objenesis\2.6\objenesis-2.6.jar;C:\Users\Guido.Debandi\.m2\repository\org\hamcrest\hamcrest-core\1.3\hamcrest-core-1.3.jar;C:\Users\Guido.Debandi\.m2\repository\org\hamcrest\hamcrest-library\1.3\hamcrest-library-1.3.jar;C:\Users\Guido.Debandi\.m2\repository\org\skyscreamer\jsonassert\1.5.0\jsonassert-1.5.0.jar;C:\Users\Guido.Debandi\.m2\repository\com\vaadin\external\google\android-json\0.0.20131108.vaadin1\android-json-0.0.20131108.vaadin1.jar;C:\Users\Guido.Debandi\.m2\repository\org\springframework\spring-core\5.1.16.RELEASE\spring-core-5.1.16.RELEASE.jar;C:\Users\Guido.Debandi\.m2\repository\org\springframework\spring-jcl\5.1.16.RELEASE\spring-jcl-5.1.16.RELEASE.jar;C:\Users\Guido.Debandi\.m2\repository\org\springframework\spring-test\5.1.16.RELEASE\spring-test-5.1.16.RELEASE.jar;C:\Users\Guido.Debandi\.m2\repository\org\xmlunit\xmlunit-core\2.6.4\xmlunit-core-2.6.4.jar;C:\Users\Guido.Debandi\.m2\repository\org\projectlombok\lombok\1.18.6\lombok-1.18.6.jar;C:\Users\Guido.Debandi\.m2\repository\org\junit\jupiter\junit-jupiter-engine\5.3.2\junit-jupiter-engine-5.3.2.jar;C:\Users\Guido.Debandi\.m2\repository\org\apiguardian\apiguardian-api\1.0.0\apiguardian-api-1.0.0.jar;C:\Users\Guido.Debandi\.m2\repository\org\junit\platform\junit-platform-engine\1.3.2\junit-platform-engine-1.3.2.jar;C:\Users\Guido.Debandi\.m2\repository\org\junit\jupiter\junit-jupiter-api\5.3.2\junit-jupiter-api-5.3.2.jar;C:\Users\Guido.Debandi\.m2\repository\org\opentest4j\opentest4j\1.1.1\opentest4j-1.1.1.jar;C:\Users\Guido.Debandi\.m2\repository\org\junit\platform\junit-platform-commons\1.3.2\junit-platform-commons-1.3.2.jar;C:\Users\Guido.Debandi\.m2\repository\org\mockito\mockito-junit-jupiter\2.23.4\mockito-junit-jupiter-2.23.4.jar;C:\Users\Guido.Debandi\.m2\repository\org\jacoco\jacoco-maven-plugin\0.8.7\jacoco-maven-plugin-0.8.7.jar;C:\Users\Guido.Debandi\.m2\repository\org\apache\maven\maven-plugin-api\3.0\maven-plugin-api-3.0.jar;C:\Users\Guido.Debandi\.m2\repository\org\apache\maven\maven-model\3.0\maven-model-3.0.jar;C:\Users\Guido.Debandi\.m2\repository\org\apache\maven\maven-artifact\3.0\maven-artifact-3.0.jar;C:\Users\Guido.Debandi\.m2\repository\org\sonatype\sisu\sisu-inject-plexus\1.4.2\sisu-inject-plexus-1.4.2.jar;C:\Users\Guido.Debandi\.m2\repository\org\sonatype\sisu\sisu-inject-bean\1.4.2\sisu-inject-bean-1.4.2.jar;C:\Users\Guido.Debandi\.m2\repository\org\sonatype\sisu\sisu-guice\2.1.7\sisu-guice-2.1.7-noaop.jar;C:\Users\Guido.Debandi\.m2\repository\org\apache\maven\maven-core\3.0\maven-core-3.0.jar;C:\Users\Guido.Debandi\.m2\repository\org\apache\maven\maven-settings\3.0\maven-settings-3.0.jar;C:\Users\Guido.Debandi\.m2\repository\org\apache\maven\maven-settings-builder\3.0\maven-settings-builder-3.0.jar;C:\Users\Guido.Debandi\.m2\repository\org\apache\maven\maven-repository-metadata\3.0\maven-repository-metadata-3.0.jar;C:\Users\Guido.Debandi\.m2\repository\org\apache\maven\maven-model-builder\3.0\maven-model-builder-3.0.jar;C:\Users\Guido.Debandi\.m2\repository\org\apache\maven\maven-aether-provider\3.0\maven-aether-provider-3.0.jar;C:\Users\Guido.Debandi\.m2\repository\org\sonatype\aether\aether-impl\1.7\aether-impl-1.7.jar;C:\Users\Guido.Debandi\.m2\repository\org\sonatype\aether\aether-spi\1.7\aether-spi-1.7.jar;C:\Users\Guido.Debandi\.m2\repository\org\sonatype\aether\aether-api\1.7\aether-api-1.7.jar;C:\Users\Guido.Debandi\.m2\repository\org\sonatype\aether\aether-util\1.7\aether-util-1.7.jar;C:\Users\Guido.Debandi\.m2\repository\org\codehaus\plexus\plexus-interpolation\1.14\plexus-interpolation-1.14.jar;C:\Users\Guido.Debandi\.m2\repository\org\codehaus\plexus\plexus-classworlds\2.2.3\plexus-classworlds-2.2.3.jar;C:\Users\Guido.Debandi\.m2\repository\org\codehaus\plexus\plexus-component-annotations\1.5.5\plexus-component-annotations-1.5.5.jar;C:\Users\Guido.Debandi\.m2\repository\org\sonatype\plexus\plexus-sec-dispatcher\1.3\plexus-sec-dispatcher-1.3.jar;C:\Users\Guido.Debandi\.m2\repository\org\sonatype\plexus\plexus-cipher\1.4\plexus-cipher-1.4.jar;C:\Users\Guido.Debandi\.m2\repository\org\codehaus\plexus\plexus-utils\3.0.22\plexus-utils-3.0.22.jar;C:\Users\Guido.Debandi\.m2\repository\org\apache\maven\shared\file-management\1.2.1\file-management-1.2.1.jar;C:\Users\Guido.Debandi\.m2\repository\org\apache\maven\shared\maven-shared-io\1.1\maven-shared-io-1.1.jar;C:\Users\Guido.Debandi\.m2\repository\org\apache\maven\maven-artifact-manager\2.0.2\maven-artifact-manager-2.0.2.jar;C:\Users\Guido.Debandi\.m2\repository\org\apache\maven\wagon\wagon-provider-api\1.0-alpha-6\wagon-provider-api-1.0-alpha-6.jar;C:\Users\Guido.Debandi\.m2\repository\org\codehaus\plexus\plexus-container-default\1.0-alpha-9\plexus-container-default-1.0-alpha-9.jar;C:\Users\Guido.Debandi\.m2\repository\classworlds\classworlds\1.1-alpha-2\classworlds-1.1-alpha-2.jar;C:\Users\Guido.Debandi\.m2\repository\org\apache\maven\reporting\maven-reporting-api\3.0\maven-reporting-api-3.0.jar;C:\Users\Guido.Debandi\.m2\repository\org\apache\maven\doxia\doxia-sink-api\1.0\doxia-sink-api-1.0.jar;C:\Users\Guido.Debandi\.m2\repository\org\jacoco\org.jacoco.agent\0.8.7\org.jacoco.agent-0.8.7-runtime.jar;C:\Users\Guido.Debandi\.m2\repository\org\jacoco\org.jacoco.core\0.8.7\org.jacoco.core-0.8.7.jar;C:\Users\Guido.Debandi\.m2\repository\org\ow2\asm\asm\9.1\asm-9.1.jar;C:\Users\Guido.Debandi\.m2\repository\org\ow2\asm\asm-commons\9.1\asm-commons-9.1.jar;C:\Users\Guido.Debandi\.m2\repository\org\ow2\asm\asm-analysis\9.1\asm-analysis-9.1.jar;C:\Users\Guido.Debandi\.m2\repository\org\ow2\asm\asm-tree\9.1\asm-tree-9.1.jar;C:\Users\Guido.Debandi\.m2\repository\org\jacoco\org.jacoco.report\0.8.7\org.jacoco.report-0.8.7.jar;"/>
    <property name="sun.cpu.endian" value="little"/>
    <property name="user.home" value="C:\Users\Guido.Debandi"/>
    <property name="user.language" value="en"/>
    <property name="java.specification.vendor" value="Oracle Corporation"/>
    <property name="java.version.date" value="2022-01-18"/>
    <property name="java.home" value="C:\Talent Engine\app\Java"/>
    <property name="file.separator" value="\"/>
    <property name="style.color" value="always"/>
    <property name="basedir" value="C:\Users\Guido.Debandi\Documents\workspace-TalentEnginePractica\Ejercicio 9.1"/>
    <property name="java.vm.compressedOopsMode" value="Zero based"/>
    <property name="line.separator" value="&#10;"/>
    <property name="java.specification.name" value="Java Platform API Specification"/>
    <property name="java.vm.specification.vendor" value="Oracle Corporation"/>
    <property name="jdk.vendor.version" value="Zulu11.54+23-CA"/>
    <property name="java.awt.graphicsenv" value="sun.awt.Win32GraphicsEnvironment"/>
    <property name="surefire.real.class.path" value="C:\Users\GUIDO~1.DEB\AppData\Local\Temp\surefire15301258101589077542\surefirebooter10976418918383764896.jar"/>
    <property name="user.script" value=""/>
    <property name="sun.management.compiler" value="HotSpot 64-Bit Tiered Compilers"/>
    <property name="java.runtime.version" value="11.0.14+9-LTS"/>
    <property name="user.name" value="guido.debandi"/>
    <property name="path.separator" value=";"/>
    <property name="os.version" value="10.0"/>
    <property name="java.runtime.name" value="OpenJDK Runtime Environment"/>
    <property name="file.encoding" value="Cp1252"/>
    <property name="java.vm.name" value="OpenJDK 64-Bit Server VM"/>
    <property name="java.vendor.version" value="Zulu11.54+23-CA"/>
    <property name="localRepository" value="C:\Users\Guido.Debandi\.m2\repository"/>
    <property name="java.vendor.url.bug" value="http://www.azul.com/support/"/>
    <property name="java.io.tmpdir" value="C:\Users\GUIDO~1.DEB\AppData\Local\Temp\"/>
    <property name="java.version" value="11.0.14"/>
    <property name="user.dir" value="C:\Users\Guido.Debandi\Documents\workspace-TalentEnginePractica\Ejercicio 9.1"/>
    <property name="os.arch" value="amd64"/>
    <property name="java.vm.specification.name" value="Java Virtual Machine Specification"/>
    <property name="java.awt.printerjob" value="sun.awt.windows.WPrinterJob"/>
    <property name="user.language.format" value="es"/>
    <property name="sun.os.patch.level" value=""/>
    <property name="java.library.path" value="C:\Talent Engine\app\Java\bin;C:\Windows\Sun\Java\bin;C:\Windows\system32;C:\Windows;C:/Talent Engine/app/sts-4.13.0.RELEASE//plugins/org.eclipse.justj.openjdk.hotspot.jre.full.win32.x86_64_17.0.1.v20211116-1657/jre/bin/server;C:/Talent Engine/app/sts-4.13.0.RELEASE//plugins/org.eclipse.justj.openjdk.hotspot.jre.full.win32.x86_64_17.0.1.v20211116-1657/jre/bin;C:\Windows\system32;C:\Windows;C:\Windows\System32\Wbem;C:\Windows\System32\WindowsPowerShell\v1.0\;C:\Windows\System32\OpenSSH\;C:\Talent Engine\app\Git\cmd;C:\Program Files\Docker\Docker\resources\bin;C:\ProgramData\DockerDesktop\version-bin;C:\Users\Guido.Debandi\AppData\Local\Microsoft\WindowsApps;C:\Program Files\JetBrains\IntelliJ IDEA Community Edition 2021.3.2\bin;;C:\Talent Engine\app\Java\bin;C:\Talent Engine\app\apache-maven-3.6.3\bin;;C:\Talent Engine\app\sts-4.13.0.RELEASE;;."/>
    <property name="java.vm.info" value="mixed mode"/>
    <property name="java.vendor" value="Azul Systems, Inc."/>
    <property name="java.vm.version" value="11.0.14+9-LTS"/>
    <property name="sun.io.unicode.encoding" value="UnicodeLittle"/>
    <property name="java.class.version" value="55.0"/>
  </properties>
  <testcase name="getExampleByIdTest" classname="spring.coverage.example.controller.ExampleControllerImplTest" time="2.455"/>
</testsuite>