<?xml version="1.0" encoding="UTF-8"?>
<testsuite xmlns:xsi="http://www.w3.org/2001/XMLSchema-instance" xsi:noNamespaceSchemaLocation="https://maven.apache.org/surefire/maven-surefire-plugin/xsd/surefire-test-report.xsd" name="coverage.loteria.LoteriaTest" time="1.823" tests="4" errors="0" skipped="0" failures="0">
  <properties>
    <property name="sun.desktop" value="windows"/>
    <property name="awt.toolkit" value="sun.awt.windows.WToolkit"/>
    <property name="java.specification.version" value="11"/>
    <property name="sun.cpu.isalist" value="amd64"/>
    <property name="sun.jnu.encoding" value="Cp1252"/>
    <property name="java.class.path" value="C:\Users\Guido.Debandi\Documents\workspace-TalentEnginePractica\coverage.loteria\target\test-classes;C:\Users\Guido.Debandi\Documents\workspace-TalentEnginePractica\coverage.loteria\target\classes;C:\Users\Guido.Debandi\.m2\repository\org\slf4j\slf4j-simple\1.7.30\slf4j-simple-1.7.30.jar;C:\Users\Guido.Debandi\.m2\repository\org\slf4j\slf4j-api\1.7.30\slf4j-api-1.7.30.jar;C:\Users\Guido.Debandi\.m2\repository\org\junit\jupiter\junit-jupiter-engine\5.8.2\junit-jupiter-engine-5.8.2.jar;C:\Users\Guido.Debandi\.m2\repository\org\junit\platform\junit-platform-engine\1.8.2\junit-platform-engine-1.8.2.jar;C:\Users\Guido.Debandi\.m2\repository\org\opentest4j\opentest4j\1.2.0\opentest4j-1.2.0.jar;C:\Users\Guido.Debandi\.m2\repository\org\junit\platform\junit-platform-commons\1.8.2\junit-platform-commons-1.8.2.jar;C:\Users\Guido.Debandi\.m2\repository\org\junit\jupiter\junit-jupiter-api\5.8.2\junit-jupiter-api-5.8.2.jar;C:\Users\Guido.Debandi\.m2\repository\org\apiguardian\apiguardian-api\1.1.2\apiguardian-api-1.1.2.jar;C:\Users\Guido.Debandi\.m2\repository\org\junit\jupiter\junit-jupiter-params\5.8.2\junit-jupiter-params-5.8.2.jar;C:\Users\Guido.Debandi\.m2\repository\org\mockito\mockito-core\3.4.0\mockito-core-3.4.0.jar;C:\Users\Guido.Debandi\.m2\repository\net\bytebuddy\byte-buddy\1.10.10\byte-buddy-1.10.10.jar;C:\Users\Guido.Debandi\.m2\repository\net\bytebuddy\byte-buddy-agent\1.10.10\byte-buddy-agent-1.10.10.jar;C:\Users\Guido.Debandi\.m2\repository\org\objenesis\objenesis\2.6\objenesis-2.6.jar;C:\Users\Guido.Debandi\.m2\repository\org\mockito\mockito-junit-jupiter\3.4.0\mockito-junit-jupiter-3.4.0.jar;"/>
    <property name="java.vm.vendor" value="Azul Systems, Inc."/>
    <property name="sun.arch.data.model" value="64"/>
    <property name="user.variant" value=""/>
    <property name="java.vendor.url" value="http://www.azul.com/"/>
    <property name="user.timezone" value="America/Buenos_Aires"/>
    <property name="user.country.format" value="AR"/>
    <property name="java.vm.specification.version" value="11"/>
    <property name="os.name" value="Windows 10"/>
    <property name="sun.java.launcher" value="SUN_STANDARD"/>
    <property name="user.country" value="US"/>
    <property name="sun.boot.library.path" value="C:\Talent Engine\app\Java\bin"/>
    <property name="sun.java.command" value="C:\Users\GUIDO~1.DEB\AppData\Local\Temp\surefire15768341627007829649\surefirebooter10100711342962496590.jar C:\Users\Guido.Debandi\AppData\Local\Temp\surefire15768341627007829649 2022-02-16T16-49-07_101-jvmRun1 surefire5700002444152875169tmp surefire_02097440045504706791tmp"/>
    <property name="jdk.debug" value="release"/>
    <property name="surefire.test.class.path" value="C:\Users\Guido.Debandi\Documents\workspace-TalentEnginePractica\coverage.loteria\target\test-classes;C:\Users\Guido.Debandi\Documents\workspace-TalentEnginePractica\coverage.loteria\target\classes;C:\Users\Guido.Debandi\.m2\repository\org\slf4j\slf4j-simple\1.7.30\slf4j-simple-1.7.30.jar;C:\Users\Guido.Debandi\.m2\repository\org\slf4j\slf4j-api\1.7.30\slf4j-api-1.7.30.jar;C:\Users\Guido.Debandi\.m2\repository\org\junit\jupiter\junit-jupiter-engine\5.8.2\junit-jupiter-engine-5.8.2.jar;C:\Users\Guido.Debandi\.m2\repository\org\junit\platform\junit-platform-engine\1.8.2\junit-platform-engine-1.8.2.jar;C:\Users\Guido.Debandi\.m2\repository\org\opentest4j\opentest4j\1.2.0\opentest4j-1.2.0.jar;C:\Users\Guido.Debandi\.m2\repository\org\junit\platform\junit-platform-commons\1.8.2\junit-platform-commons-1.8.2.jar;C:\Users\Guido.Debandi\.m2\repository\org\junit\jupiter\junit-jupiter-api\5.8.2\junit-jupiter-api-5.8.2.jar;C:\Users\Guido.Debandi\.m2\repository\org\apiguardian\apiguardian-api\1.1.2\apiguardian-api-1.1.2.jar;C:\Users\Guido.Debandi\.m2\repository\org\junit\jupiter\junit-jupiter-params\5.8.2\junit-jupiter-params-5.8.2.jar;C:\Users\Guido.Debandi\.m2\repository\org\mockito\mockito-core\3.4.0\mockito-core-3.4.0.jar;C:\Users\Guido.Debandi\.m2\repository\net\bytebuddy\byte-buddy\1.10.10\byte-buddy-1.10.10.jar;C:\Users\Guido.Debandi\.m2\repository\net\bytebuddy\byte-buddy-agent\1.10.10\byte-buddy-agent-1.10.10.jar;C:\Users\Guido.Debandi\.m2\repository\org\objenesis\objenesis\2.6\objenesis-2.6.jar;C:\Users\Guido.Debandi\.m2\repository\org\mockito\mockito-junit-jupiter\3.4.0\mockito-junit-jupiter-3.4.0.jar;"/>
    <property name="sun.cpu.endian" value="little"/>
    <property name="user.home" value="C:\Users\Guido.Debandi"/>
    <property name="user.language" value="en"/>
    <property name="java.specification.vendor" value="Oracle Corporation"/>
    <property name="java.version.date" value="2022-01-18"/>
    <property name="java.home" value="C:\Talent Engine\app\Java"/>
    <property name="file.separator" value="\"/>
    <property name="basedir" value="C:\Users\Guido.Debandi\Documents\workspace-TalentEnginePractica\coverage.loteria"/>
    <property name="java.vm.compressedOopsMode" value="Zero based"/>
    <property name="line.separator" value="&#10;"/>
    <property name="java.specification.name" value="Java Platform API Specification"/>
    <property name="java.vm.specification.vendor" value="Oracle Corporation"/>
    <property name="jdk.vendor.version" value="Zulu11.54+23-CA"/>
    <property name="java.awt.graphicsenv" value="sun.awt.Win32GraphicsEnvironment"/>
    <property name="surefire.real.class.path" value="C:\Users\GUIDO~1.DEB\AppData\Local\Temp\surefire15768341627007829649\surefirebooter10100711342962496590.jar"/>
    <property name="user.script" value=""/>
    <property name="sun.management.compiler" value="HotSpot 64-Bit Tiered Compilers"/>
    <property name="java.runtime.version" value="11.0.14+9-LTS"/>
    <property name="user.name" value="guido.debandi"/>
    <property name="path.separator" value=";"/>
    <property name="os.version" value="10.0"/>
    <property name="java.runtime.name" value="OpenJDK Runtime Environment"/>
    <property name="file.encoding" value="Cp1252"/>
    <property name="java.vm.name" value="OpenJDK 64-Bit Server VM"/>
    <property name="java.vendor.version" value="Zulu11.54+23-CA"/>
    <property name="localRepository" value="C:\Users\Guido.Debandi\.m2\repository"/>
    <property name="java.vendor.url.bug" value="http://www.azul.com/support/"/>
    <property name="java.io.tmpdir" value="C:\Users\GUIDO~1.DEB\AppData\Local\Temp\"/>
    <property name="java.version" value="11.0.14"/>
    <property name="user.dir" value="C:\Users\Guido.Debandi\Documents\workspace-TalentEnginePractica\coverage.loteria"/>
    <property name="os.arch" value="amd64"/>
    <property name="java.vm.specification.name" value="Java Virtual Machine Specification"/>
    <property name="java.awt.printerjob" value="sun.awt.windows.WPrinterJob"/>
    <property name="user.language.format" value="es"/>
    <property name="sun.os.patch.level" value=""/>
    <property name="java.library.path" value="C:\Talent Engine\app\Java\bin;C:\Windows\Sun\Java\bin;C:\Windows\system32;C:\Windows;C:\Users\Guido.Debandi\bin;C:\Talent Engine\app\Git\mingw64\bin;C:\Talent Engine\app\Git\usr\local\bin;C:\Talent Engine\app\Git\usr\bin;C:\Talent Engine\app\Git\usr\bin;C:\Talent Engine\app\Git\mingw64\bin;C:\Talent Engine\app\Git\usr\bin;C:\Users\Guido.Debandi\bin;C:\Windows\system32;C:\Windows;C:\Windows\System32\Wbem;C:\Windows\System32\WindowsPowerShell\v1.0;C:\Windows\System32\OpenSSH;C:\Talent Engine\app\Git\cmd;C:\Users\Guido.Debandi\AppData\Local\Microsoft\WindowsApps;C:\Program Files\JetBrains\IntelliJ IDEA Community Edition 2021.3.2\bin;C:\Talent Engine\app\Java\bin;C:\Talent Engine\app\apache-maven-3.6.3\bin;C:\Talent Engine\app\Git\usr\bin\vendor_perl;C:\Talent Engine\app\Git\usr\bin\core_perl;."/>
    <property name="java.vm.info" value="mixed mode"/>
    <property name="java.vendor" value="Azul Systems, Inc."/>
    <property name="java.vm.version" value="11.0.14+9-LTS"/>
    <property name="sun.io.unicode.encoding" value="UnicodeLittle"/>
    <property name="java.class.version" value="55.0"/>
  </properties>
  <testcase name="ganadorCuadrupleFalseTest" classname="coverage.loteria.LoteriaTest" time="1.657"/>
  <testcase name="ganadorUnicoTrueTest" classname="coverage.loteria.LoteriaTest" time="0.055"/>
  <testcase name="ganadorCuadrupleTrueTest" classname="coverage.loteria.LoteriaTest" time="0.039"/>
  <testcase name="ganadorUnicoFalseTest" classname="coverage.loteria.LoteriaTest" time="0.039"/>
</testsuite>